[debug] [2023-05-08T16:21:11.396Z] ----------------------------------------------------------------------
[debug] [2023-05-08T16:21:11.399Z] Command:       C:\Program Files\nodejs\node.exe C:\Users\RevaH\AppData\Roaming\npm\node_modules\firebase-tools\lib\bin\firebase.js emulators:start --only database
[debug] [2023-05-08T16:21:11.400Z] CLI Version:   11.30.0
[debug] [2023-05-08T16:21:11.400Z] Platform:      win32
[debug] [2023-05-08T16:21:11.400Z] Node Version:  v16.17.0
[debug] [2023-05-08T16:21:11.401Z] Time:          Mon May 08 2023 12:21:11 GMT-0400 (Eastern Daylight Time)
[debug] [2023-05-08T16:21:11.401Z] ----------------------------------------------------------------------
[debug] 
[debug] [2023-05-08T16:21:11.545Z] > command requires scopes: ["email","openid","https://www.googleapis.com/auth/cloudplatformprojects.readonly","https://www.googleapis.com/auth/firebase","https://www.googleapis.com/auth/cloud-platform"]
[debug] [2023-05-08T16:21:11.546Z] > authorizing via signed-in user (reva.hirave@gmail.com)
[debug] [2023-05-08T16:21:11.828Z] java version "18.0.2.1" 2022-08-18

[debug] [2023-05-08T16:21:11.830Z] Java(TM) SE Runtime Environment (build 18.0.2.1+1-1)
Java HotSpot(TM) 64-Bit Server VM (build 18.0.2.1+1-1, mixed mode, sharing)

[debug] [2023-05-08T16:21:11.859Z] Parsed Java major version: 18
[info] i  emulators: Starting emulators: database {"metadata":{"emulator":{"name":"hub"},"message":"Starting emulators: database"}}
[debug] [2023-05-08T16:21:11.872Z] [logging] Logging Emulator only supports listening on one address (127.0.0.1). Not listening on ::1
[debug] [2023-05-08T16:21:11.872Z] [database] Database Emulator only supports listening on one address (127.0.0.1). Not listening on ::1
[debug] [2023-05-08T16:21:11.873Z] assigned listening specs for emulators {"user":{"hub":[{"address":"127.0.0.1","family":"IPv4","port":4400},{"address":"::1","family":"IPv6","port":4400}],"ui":[{"address":"127.0.0.1","family":"IPv4","port":4000},{"address":"::1","family":"IPv6","port":4000}],"logging":[{"address":"127.0.0.1","family":"IPv4","port":4500}],"database":[{"address":"127.0.0.1","family":"IPv4","port":9000}]},"metadata":{"message":"assigned listening specs for emulators"}}
[debug] [2023-05-08T16:21:11.886Z] [hub] writing locator at C:\Users\RevaH\AppData\Local\Temp\hub-debeo-development.json
[debug] [2023-05-08T16:21:11.897Z] > refreshing access token with scopes: []
[debug] [2023-05-08T16:21:11.900Z] >>> [apiv2][query] POST https://www.googleapis.com/oauth2/v3/token [none]
[debug] [2023-05-08T16:21:11.900Z] >>> [apiv2][body] POST https://www.googleapis.com/oauth2/v3/token [omitted]
[debug] [2023-05-08T16:21:11.999Z] <<< [apiv2][status] POST https://www.googleapis.com/oauth2/v3/token 200
[debug] [2023-05-08T16:21:11.999Z] <<< [apiv2][body] POST https://www.googleapis.com/oauth2/v3/token [omitted]
[debug] [2023-05-08T16:21:12.023Z] >>> [apiv2][query] GET https://firebase.googleapis.com/v1beta1/projects/debeo-development [none]
[debug] [2023-05-08T16:21:12.312Z] <<< [apiv2][status] GET https://firebase.googleapis.com/v1beta1/projects/debeo-development 200
[debug] [2023-05-08T16:21:12.312Z] <<< [apiv2][body] GET https://firebase.googleapis.com/v1beta1/projects/debeo-development {"projectId":"debeo-development","projectNumber":"411671124803","displayName":"Debeo-Development","name":"projects/debeo-development","resources":{"hostingSite":"debeo-development","realtimeDatabaseInstance":"debeo-development-default-rtdb"},"state":"ACTIVE","etag":"1_9887f632-9158-44ae-b59a-247cd9922c73"}
[debug] [2023-05-08T16:21:12.313Z] database rules config:  []
[warn] !  database: Did not find a Realtime Database rules file specified in a firebase.json config file. The emulator will default to allowing all reads and writes. Learn more about this option: https://firebase.google.com/docs/emulator-suite/install_and_configure#security_rules_configuration. {"metadata":{"emulator":{"name":"database"},"message":"Did not find a Realtime Database rules file specified in a firebase.json config file. The emulator will default to allowing all reads and writes. Learn more about this option: https://firebase.google.com/docs/emulator-suite/install_and_configure#security_rules_configuration."}}
[debug] [2023-05-08T16:21:12.327Z] Ignoring unsupported arg: projectId {"metadata":{"emulator":{"name":"database"},"message":"Ignoring unsupported arg: projectId"}}
[debug] [2023-05-08T16:21:12.327Z] Ignoring unsupported arg: auto_download {"metadata":{"emulator":{"name":"database"},"message":"Ignoring unsupported arg: auto_download"}}
[debug] [2023-05-08T16:21:12.327Z] Ignoring unsupported arg: rules {"metadata":{"emulator":{"name":"database"},"message":"Ignoring unsupported arg: rules"}}
[debug] [2023-05-08T16:21:12.327Z] Starting Database Emulator with command {"binary":"java","args":["-Duser.language=en","-jar","C:\\Users\\RevaH\\.cache\\firebase\\emulators\\firebase-database-emulator-v4.11.0.jar","--host","127.0.0.1","--port",9000,"--single_project_mode","Warning"],"optionalArgs":["port","host","functions_emulator_port","functions_emulator_host","single_project_mode"],"joinArgs":false} {"metadata":{"emulator":{"name":"database"},"message":"Starting Database Emulator with command {\"binary\":\"java\",\"args\":[\"-Duser.language=en\",\"-jar\",\"C:\\\\Users\\\\RevaH\\\\.cache\\\\firebase\\\\emulators\\\\firebase-database-emulator-v4.11.0.jar\",\"--host\",\"127.0.0.1\",\"--port\",9000,\"--single_project_mode\",\"Warning\"],\"optionalArgs\":[\"port\",\"host\",\"functions_emulator_port\",\"functions_emulator_host\",\"single_project_mode\"],\"joinArgs\":false}"}}
[info] i  database: Database Emulator logging to database-debug.log {"metadata":{"emulator":{"name":"database"},"message":"Database Emulator logging to \u001b[1mdatabase-debug.log\u001b[22m"}}
[info] i  ui: downloading ui-v1.11.6.zip... {"metadata":{"emulator":{"name":"ui"},"message":"downloading ui-v1.11.6.zip..."}}
[debug] [2023-05-08T16:21:16.008Z] >>> [apiv2][query] GET https://storage.googleapis.com/firebase-preview-drop/emulator/ui-v1.11.6.zip 
[debug] [2023-05-08T16:21:16.054Z] <<< [apiv2][status] GET https://storage.googleapis.com/firebase-preview-drop/emulator/ui-v1.11.6.zip 200
[debug] [2023-05-08T16:21:16.054Z] <<< [apiv2][body] GET https://storage.googleapis.com/firebase-preview-drop/emulator/ui-v1.11.6.zip [stream]
[debug] [2023-05-08T16:21:16.391Z] Data is 3063444
[debug] [2023-05-08T16:21:16.391Z] [unzip] Entry: client/ (compressed_size=0 bytes, uncompressed_size=0 bytes)
[debug] [2023-05-08T16:21:16.391Z] [unzip] Processing entry: client\
[debug] [2023-05-08T16:21:16.391Z] [unzip] mkdir: C:\Users\RevaH\.cache\firebase\emulators\ui-v1.11.6\client\
[debug] [2023-05-08T16:21:16.393Z] [unzip] Entry: client/favicon.ico (compressed_size=2497 bytes, uncompressed_size=7406 bytes)
[debug] [2023-05-08T16:21:16.393Z] [unzip] Processing entry: client\favicon.ico
[debug] [2023-05-08T16:21:16.393Z] [unzip] else mkdir: C:\Users\RevaH\.cache\firebase\emulators\ui-v1.11.6\client
[debug] [2023-05-08T16:21:16.394Z] [unzip] deflating: C:\Users\RevaH\.cache\firebase\emulators\ui-v1.11.6\client\favicon.ico
[debug] [2023-05-08T16:21:16.398Z] [unzip] Entry: client/apple-touch-icon.png (compressed_size=7231 bytes, uncompressed_size=7367 bytes)
[debug] [2023-05-08T16:21:16.398Z] [unzip] Processing entry: client\apple-touch-icon.png
[debug] [2023-05-08T16:21:16.398Z] [unzip] else mkdir: C:\Users\RevaH\.cache\firebase\emulators\ui-v1.11.6\client
[debug] [2023-05-08T16:21:16.399Z] [unzip] deflating: C:\Users\RevaH\.cache\firebase\emulators\ui-v1.11.6\client\apple-touch-icon.png
[debug] [2023-05-08T16:21:16.400Z] [unzip] Entry: client/android-chrome-512x512.png (compressed_size=16987 bytes, uncompressed_size=18186 bytes)
[debug] [2023-05-08T16:21:16.401Z] [unzip] Processing entry: client\android-chrome-512x512.png
[debug] [2023-05-08T16:21:16.401Z] [unzip] else mkdir: C:\Users\RevaH\.cache\firebase\emulators\ui-v1.11.6\client
[debug] [2023-05-08T16:21:16.401Z] [unzip] deflating: C:\Users\RevaH\.cache\firebase\emulators\ui-v1.11.6\client\android-chrome-512x512.png
[debug] [2023-05-08T16:21:16.403Z] [unzip] Entry: client/assets/ (compressed_size=0 bytes, uncompressed_size=0 bytes)
[debug] [2023-05-08T16:21:16.403Z] [unzip] Processing entry: client\assets\
[debug] [2023-05-08T16:21:16.403Z] [unzip] mkdir: C:\Users\RevaH\.cache\firebase\emulators\ui-v1.11.6\client\assets\
[debug] [2023-05-08T16:21:16.404Z] [unzip] Entry: client/assets/extensions/ (compressed_size=0 bytes, uncompressed_size=0 bytes)
[debug] [2023-05-08T16:21:16.404Z] [unzip] Processing entry: client\assets\extensions\
[debug] [2023-05-08T16:21:16.404Z] [unzip] mkdir: C:\Users\RevaH\.cache\firebase\emulators\ui-v1.11.6\client\assets\extensions\
[debug] [2023-05-08T16:21:16.404Z] [unzip] Entry: client/assets/extensions/default-extension.png (compressed_size=1646 bytes, uncompressed_size=1657 bytes)
[debug] [2023-05-08T16:21:16.404Z] [unzip] Processing entry: client\assets\extensions\default-extension.png
[debug] [2023-05-08T16:21:16.404Z] [unzip] else mkdir: C:\Users\RevaH\.cache\firebase\emulators\ui-v1.11.6\client\assets\extensions
[debug] [2023-05-08T16:21:16.405Z] [unzip] deflating: C:\Users\RevaH\.cache\firebase\emulators\ui-v1.11.6\client\assets\extensions\default-extension.png
[debug] [2023-05-08T16:21:16.406Z] [unzip] Entry: client/assets/index.85584c3f.js (compressed_size=526096 bytes, uncompressed_size=1859818 bytes)
[debug] [2023-05-08T16:21:16.406Z] [unzip] Processing entry: client\assets\index.85584c3f.js
[debug] [2023-05-08T16:21:16.406Z] [unzip] else mkdir: C:\Users\RevaH\.cache\firebase\emulators\ui-v1.11.6\client\assets
[debug] [2023-05-08T16:21:16.407Z] [unzip] deflating: C:\Users\RevaH\.cache\firebase\emulators\ui-v1.11.6\client\assets\index.85584c3f.js
[debug] [2023-05-08T16:21:16.424Z] [unzip] Entry: client/assets/provider-icons/ (compressed_size=0 bytes, uncompressed_size=0 bytes)
[debug] [2023-05-08T16:21:16.424Z] [unzip] Processing entry: client\assets\provider-icons\
[debug] [2023-05-08T16:21:16.424Z] [unzip] mkdir: C:\Users\RevaH\.cache\firebase\emulators\ui-v1.11.6\client\assets\provider-icons\
[debug] [2023-05-08T16:21:16.425Z] [unzip] Entry: client/assets/provider-icons/auth_service_oidc.svg (compressed_size=414 bytes, uncompressed_size=858 bytes)
[debug] [2023-05-08T16:21:16.425Z] [unzip] Processing entry: client\assets\provider-icons\auth_service_oidc.svg
[debug] [2023-05-08T16:21:16.425Z] [unzip] else mkdir: C:\Users\RevaH\.cache\firebase\emulators\ui-v1.11.6\client\assets\provider-icons
[debug] [2023-05-08T16:21:16.425Z] [unzip] deflating: C:\Users\RevaH\.cache\firebase\emulators\ui-v1.11.6\client\assets\provider-icons\auth_service_oidc.svg
[debug] [2023-05-08T16:21:16.427Z] [unzip] Entry: client/assets/provider-icons/auth_service_yahoo.svg (compressed_size=577 bytes, uncompressed_size=1182 bytes)
[debug] [2023-05-08T16:21:16.427Z] [unzip] Processing entry: client\assets\provider-icons\auth_service_yahoo.svg
[debug] [2023-05-08T16:21:16.427Z] [unzip] else mkdir: C:\Users\RevaH\.cache\firebase\emulators\ui-v1.11.6\client\assets\provider-icons
[debug] [2023-05-08T16:21:16.427Z] [unzip] deflating: C:\Users\RevaH\.cache\firebase\emulators\ui-v1.11.6\client\assets\provider-icons\auth_service_yahoo.svg
[debug] [2023-05-08T16:21:16.429Z] [unzip] Entry: client/assets/provider-icons/auth_service_phone.svg (compressed_size=261 bytes, uncompressed_size=414 bytes)
[debug] [2023-05-08T16:21:16.429Z] [unzip] Processing entry: client\assets\provider-icons\auth_service_phone.svg
[debug] [2023-05-08T16:21:16.429Z] [unzip] else mkdir: C:\Users\RevaH\.cache\firebase\emulators\ui-v1.11.6\client\assets\provider-icons
[debug] [2023-05-08T16:21:16.429Z] [unzip] deflating: C:\Users\RevaH\.cache\firebase\emulators\ui-v1.11.6\client\assets\provider-icons\auth_service_phone.svg
[debug] [2023-05-08T16:21:16.431Z] [unzip] Entry: client/assets/provider-icons/auth_service_saml.svg (compressed_size=575 bytes, uncompressed_size=1226 bytes)
[debug] [2023-05-08T16:21:16.431Z] [unzip] Processing entry: client\assets\provider-icons\auth_service_saml.svg
[debug] [2023-05-08T16:21:16.431Z] [unzip] else mkdir: C:\Users\RevaH\.cache\firebase\emulators\ui-v1.11.6\client\assets\provider-icons
[debug] [2023-05-08T16:21:16.431Z] [unzip] deflating: C:\Users\RevaH\.cache\firebase\emulators\ui-v1.11.6\client\assets\provider-icons\auth_service_saml.svg
[debug] [2023-05-08T16:21:16.433Z] [unzip] Entry: client/assets/provider-icons/auth_service_mslive.svg (compressed_size=203 bytes, uncompressed_size=378 bytes)
[debug] [2023-05-08T16:21:16.433Z] [unzip] Processing entry: client\assets\provider-icons\auth_service_mslive.svg
[debug] [2023-05-08T16:21:16.433Z] [unzip] else mkdir: C:\Users\RevaH\.cache\firebase\emulators\ui-v1.11.6\client\assets\provider-icons
[debug] [2023-05-08T16:21:16.434Z] [unzip] deflating: C:\Users\RevaH\.cache\firebase\emulators\ui-v1.11.6\client\assets\provider-icons\auth_service_mslive.svg
[debug] [2023-05-08T16:21:16.435Z] [unzip] Entry: client/assets/provider-icons/auth_service_facebook.svg (compressed_size=289 bytes, uncompressed_size=457 bytes)
[debug] [2023-05-08T16:21:16.435Z] [unzip] Processing entry: client\assets\provider-icons\auth_service_facebook.svg
[debug] [2023-05-08T16:21:16.435Z] [unzip] else mkdir: C:\Users\RevaH\.cache\firebase\emulators\ui-v1.11.6\client\assets\provider-icons
[debug] [2023-05-08T16:21:16.436Z] [unzip] deflating: C:\Users\RevaH\.cache\firebase\emulators\ui-v1.11.6\client\assets\provider-icons\auth_service_facebook.svg
[debug] [2023-05-08T16:21:16.437Z] [unzip] Entry: client/assets/provider-icons/auth_service_play_games.svg (compressed_size=565 bytes, uncompressed_size=1173 bytes)
[debug] [2023-05-08T16:21:16.437Z] [unzip] Processing entry: client\assets\provider-icons\auth_service_play_games.svg
[debug] [2023-05-08T16:21:16.437Z] [unzip] else mkdir: C:\Users\RevaH\.cache\firebase\emulators\ui-v1.11.6\client\assets\provider-icons
[debug] [2023-05-08T16:21:16.437Z] [unzip] deflating: C:\Users\RevaH\.cache\firebase\emulators\ui-v1.11.6\client\assets\provider-icons\auth_service_play_games.svg
[debug] [2023-05-08T16:21:16.439Z] [unzip] Entry: client/assets/provider-icons/auth_service_github.svg (compressed_size=466 bytes, uncompressed_size=838 bytes)
[debug] [2023-05-08T16:21:16.439Z] [unzip] Processing entry: client\assets\provider-icons\auth_service_github.svg
[debug] [2023-05-08T16:21:16.439Z] [unzip] else mkdir: C:\Users\RevaH\.cache\firebase\emulators\ui-v1.11.6\client\assets\provider-icons
[debug] [2023-05-08T16:21:16.440Z] [unzip] deflating: C:\Users\RevaH\.cache\firebase\emulators\ui-v1.11.6\client\assets\provider-icons\auth_service_github.svg
[debug] [2023-05-08T16:21:16.441Z] [unzip] Entry: client/assets/provider-icons/auth_service_apple.svg (compressed_size=230 bytes, uncompressed_size=334 bytes)
[debug] [2023-05-08T16:21:16.442Z] [unzip] Processing entry: client\assets\provider-icons\auth_service_apple.svg
[debug] [2023-05-08T16:21:16.442Z] [unzip] else mkdir: C:\Users\RevaH\.cache\firebase\emulators\ui-v1.11.6\client\assets\provider-icons
[debug] [2023-05-08T16:21:16.442Z] [unzip] deflating: C:\Users\RevaH\.cache\firebase\emulators\ui-v1.11.6\client\assets\provider-icons\auth_service_apple.svg
[debug] [2023-05-08T16:21:16.443Z] [unzip] Entry: client/assets/provider-icons/auth_service_google.svg (compressed_size=409 bytes, uncompressed_size=720 bytes)
[debug] [2023-05-08T16:21:16.444Z] [unzip] Processing entry: client\assets\provider-icons\auth_service_google.svg
[debug] [2023-05-08T16:21:16.444Z] [unzip] else mkdir: C:\Users\RevaH\.cache\firebase\emulators\ui-v1.11.6\client\assets\provider-icons
[debug] [2023-05-08T16:21:16.444Z] [unzip] deflating: C:\Users\RevaH\.cache\firebase\emulators\ui-v1.11.6\client\assets\provider-icons\auth_service_google.svg
[debug] [2023-05-08T16:21:16.445Z] [unzip] Entry: client/assets/provider-icons/auth_service_email.svg (compressed_size=228 bytes, uncompressed_size=326 bytes)
[debug] [2023-05-08T16:21:16.446Z] [unzip] Processing entry: client\assets\provider-icons\auth_service_email.svg
[debug] [2023-05-08T16:21:16.446Z] [unzip] else mkdir: C:\Users\RevaH\.cache\firebase\emulators\ui-v1.11.6\client\assets\provider-icons
[debug] [2023-05-08T16:21:16.446Z] [unzip] deflating: C:\Users\RevaH\.cache\firebase\emulators\ui-v1.11.6\client\assets\provider-icons\auth_service_email.svg
[debug] [2023-05-08T16:21:16.447Z] [unzip] Entry: client/assets/provider-icons/auth_service_twitter.svg (compressed_size=444 bytes, uncompressed_size=751 bytes)
[debug] [2023-05-08T16:21:16.448Z] [unzip] Processing entry: client\assets\provider-icons\auth_service_twitter.svg
[debug] [2023-05-08T16:21:16.448Z] [unzip] else mkdir: C:\Users\RevaH\.cache\firebase\emulators\ui-v1.11.6\client\assets\provider-icons
[debug] [2023-05-08T16:21:16.448Z] [unzip] deflating: C:\Users\RevaH\.cache\firebase\emulators\ui-v1.11.6\client\assets\provider-icons\auth_service_twitter.svg
[debug] [2023-05-08T16:21:16.449Z] [unzip] Entry: client/assets/provider-icons/auth_service_game_center.svg (compressed_size=991 bytes, uncompressed_size=3921 bytes)
[debug] [2023-05-08T16:21:16.449Z] [unzip] Processing entry: client\assets\provider-icons\auth_service_game_center.svg
[debug] [2023-05-08T16:21:16.449Z] [unzip] else mkdir: C:\Users\RevaH\.cache\firebase\emulators\ui-v1.11.6\client\assets\provider-icons
[debug] [2023-05-08T16:21:16.450Z] [unzip] deflating: C:\Users\RevaH\.cache\firebase\emulators\ui-v1.11.6\client\assets\provider-icons\auth_service_game_center.svg
[debug] [2023-05-08T16:21:16.451Z] [unzip] Entry: client/assets/img/ (compressed_size=0 bytes, uncompressed_size=0 bytes)
[debug] [2023-05-08T16:21:16.451Z] [unzip] Processing entry: client\assets\img\
[debug] [2023-05-08T16:21:16.451Z] [unzip] mkdir: C:\Users\RevaH\.cache\firebase\emulators\ui-v1.11.6\client\assets\img\
[debug] [2023-05-08T16:21:16.452Z] [unzip] Entry: client/assets/img/database.png (compressed_size=29449 bytes, uncompressed_size=29988 bytes)
[debug] [2023-05-08T16:21:16.452Z] [unzip] Processing entry: client\assets\img\database.png
[debug] [2023-05-08T16:21:16.452Z] [unzip] else mkdir: C:\Users\RevaH\.cache\firebase\emulators\ui-v1.11.6\client\assets\img
[debug] [2023-05-08T16:21:16.452Z] [unzip] deflating: C:\Users\RevaH\.cache\firebase\emulators\ui-v1.11.6\client\assets\img\database.png
[debug] [2023-05-08T16:21:16.454Z] [unzip] Entry: client/assets/index.b9383ce5.css (compressed_size=37605 bytes, uncompressed_size=321268 bytes)
[debug] [2023-05-08T16:21:16.454Z] [unzip] Processing entry: client\assets\index.b9383ce5.css
[debug] [2023-05-08T16:21:16.454Z] [unzip] else mkdir: C:\Users\RevaH\.cache\firebase\emulators\ui-v1.11.6\client\assets
[debug] [2023-05-08T16:21:16.454Z] [unzip] deflating: C:\Users\RevaH\.cache\firebase\emulators\ui-v1.11.6\client\assets\index.b9383ce5.css
[debug] [2023-05-08T16:21:16.458Z] [unzip] Entry: client/assets/index.85584c3f.js.map (compressed_size=1778028 bytes, uncompressed_size=7960238 bytes)
[debug] [2023-05-08T16:21:16.458Z] [unzip] Processing entry: client\assets\index.85584c3f.js.map
[debug] [2023-05-08T16:21:16.458Z] [unzip] else mkdir: C:\Users\RevaH\.cache\firebase\emulators\ui-v1.11.6\client\assets
[debug] [2023-05-08T16:21:16.458Z] [unzip] deflating: C:\Users\RevaH\.cache\firebase\emulators\ui-v1.11.6\client\assets\index.85584c3f.js.map
[debug] [2023-05-08T16:21:16.520Z] [unzip] Entry: client/safari-pinned-tab.svg (compressed_size=838 bytes, uncompressed_size=1504 bytes)
[debug] [2023-05-08T16:21:16.520Z] [unzip] Processing entry: client\safari-pinned-tab.svg
[debug] [2023-05-08T16:21:16.521Z] [unzip] else mkdir: C:\Users\RevaH\.cache\firebase\emulators\ui-v1.11.6\client
[debug] [2023-05-08T16:21:16.521Z] [unzip] deflating: C:\Users\RevaH\.cache\firebase\emulators\ui-v1.11.6\client\safari-pinned-tab.svg
[debug] [2023-05-08T16:21:16.522Z] [unzip] Entry: client/mstile-150x150.png (compressed_size=5406 bytes, uncompressed_size=5723 bytes)
[debug] [2023-05-08T16:21:16.522Z] [unzip] Processing entry: client\mstile-150x150.png
[debug] [2023-05-08T16:21:16.522Z] [unzip] else mkdir: C:\Users\RevaH\.cache\firebase\emulators\ui-v1.11.6\client
[debug] [2023-05-08T16:21:16.523Z] [unzip] deflating: C:\Users\RevaH\.cache\firebase\emulators\ui-v1.11.6\client\mstile-150x150.png
[debug] [2023-05-08T16:21:16.525Z] [unzip] Entry: client/browserconfig.xml (compressed_size=491 bytes, uncompressed_size=822 bytes)
[debug] [2023-05-08T16:21:16.525Z] [unzip] Processing entry: client\browserconfig.xml
[debug] [2023-05-08T16:21:16.525Z] [unzip] else mkdir: C:\Users\RevaH\.cache\firebase\emulators\ui-v1.11.6\client
[debug] [2023-05-08T16:21:16.525Z] [unzip] deflating: C:\Users\RevaH\.cache\firebase\emulators\ui-v1.11.6\client\browserconfig.xml
[debug] [2023-05-08T16:21:16.526Z] [unzip] Entry: client/robots.txt (compressed_size=26 bytes, uncompressed_size=26 bytes)
[debug] [2023-05-08T16:21:16.526Z] [unzip] Processing entry: client\robots.txt
[debug] [2023-05-08T16:21:16.526Z] [unzip] else mkdir: C:\Users\RevaH\.cache\firebase\emulators\ui-v1.11.6\client
[debug] [2023-05-08T16:21:16.527Z] [unzip] Writing file: C:\Users\RevaH\.cache\firebase\emulators\ui-v1.11.6\client\robots.txt
[debug] [2023-05-08T16:21:16.528Z] [unzip] Entry: client/index.html (compressed_size=1363 bytes, uncompressed_size=3064 bytes)
[debug] [2023-05-08T16:21:16.529Z] [unzip] Processing entry: client\index.html
[debug] [2023-05-08T16:21:16.529Z] [unzip] else mkdir: C:\Users\RevaH\.cache\firebase\emulators\ui-v1.11.6\client
[debug] [2023-05-08T16:21:16.529Z] [unzip] deflating: C:\Users\RevaH\.cache\firebase\emulators\ui-v1.11.6\client\index.html
[debug] [2023-05-08T16:21:16.530Z] [unzip] Entry: client/favicon-16x16.png (compressed_size=757 bytes, uncompressed_size=777 bytes)
[debug] [2023-05-08T16:21:16.530Z] [unzip] Processing entry: client\favicon-16x16.png
[debug] [2023-05-08T16:21:16.530Z] [unzip] else mkdir: C:\Users\RevaH\.cache\firebase\emulators\ui-v1.11.6\client
[debug] [2023-05-08T16:21:16.531Z] [unzip] deflating: C:\Users\RevaH\.cache\firebase\emulators\ui-v1.11.6\client\favicon-16x16.png
[debug] [2023-05-08T16:21:16.532Z] [unzip] Entry: client/manifest.json (compressed_size=246 bytes, uncompressed_size=551 bytes)
[debug] [2023-05-08T16:21:16.532Z] [unzip] Processing entry: client\manifest.json
[debug] [2023-05-08T16:21:16.532Z] [unzip] else mkdir: C:\Users\RevaH\.cache\firebase\emulators\ui-v1.11.6\client
[debug] [2023-05-08T16:21:16.533Z] [unzip] deflating: C:\Users\RevaH\.cache\firebase\emulators\ui-v1.11.6\client\manifest.json
[debug] [2023-05-08T16:21:16.534Z] [unzip] Entry: client/favicon-32x32.png (compressed_size=1175 bytes, uncompressed_size=1175 bytes)
[debug] [2023-05-08T16:21:16.534Z] [unzip] Processing entry: client\favicon-32x32.png
[debug] [2023-05-08T16:21:16.534Z] [unzip] else mkdir: C:\Users\RevaH\.cache\firebase\emulators\ui-v1.11.6\client
[debug] [2023-05-08T16:21:16.535Z] [unzip] Writing file: C:\Users\RevaH\.cache\firebase\emulators\ui-v1.11.6\client\favicon-32x32.png
[debug] [2023-05-08T16:21:16.536Z] [unzip] Entry: client/android-chrome-192x192.png (compressed_size=7602 bytes, uncompressed_size=7834 bytes)
[debug] [2023-05-08T16:21:16.536Z] [unzip] Processing entry: client\android-chrome-192x192.png
[debug] [2023-05-08T16:21:16.536Z] [unzip] else mkdir: C:\Users\RevaH\.cache\firebase\emulators\ui-v1.11.6\client
[debug] [2023-05-08T16:21:16.536Z] [unzip] deflating: C:\Users\RevaH\.cache\firebase\emulators\ui-v1.11.6\client\android-chrome-192x192.png
[debug] [2023-05-08T16:21:16.538Z] [unzip] Entry: server/ (compressed_size=0 bytes, uncompressed_size=0 bytes)
[debug] [2023-05-08T16:21:16.538Z] [unzip] Processing entry: server\
[debug] [2023-05-08T16:21:16.538Z] [unzip] mkdir: C:\Users\RevaH\.cache\firebase\emulators\ui-v1.11.6\server\
[debug] [2023-05-08T16:21:16.538Z] [unzip] Entry: server/server.js (compressed_size=343746 bytes, uncompressed_size=1346374 bytes)
[debug] [2023-05-08T16:21:16.538Z] [unzip] Processing entry: server\server.js
[debug] [2023-05-08T16:21:16.538Z] [unzip] else mkdir: C:\Users\RevaH\.cache\firebase\emulators\ui-v1.11.6\server
[debug] [2023-05-08T16:21:16.539Z] [unzip] deflating: C:\Users\RevaH\.cache\firebase\emulators\ui-v1.11.6\server\server.js
[debug] [2023-05-08T16:21:16.550Z] [unzip] Entry: server/server.js.map (compressed_size=289157 bytes, uncompressed_size=1325651 bytes)
[debug] [2023-05-08T16:21:16.550Z] [unzip] Processing entry: server\server.js.map
[debug] [2023-05-08T16:21:16.550Z] [unzip] else mkdir: C:\Users\RevaH\.cache\firebase\emulators\ui-v1.11.6\server
[debug] [2023-05-08T16:21:16.550Z] [unzip] deflating: C:\Users\RevaH\.cache\firebase\emulators\ui-v1.11.6\server\server.js.map
[debug] [2023-05-08T16:21:16.561Z] Ignoring unsupported arg: auto_download {"metadata":{"emulator":{"name":"ui"},"message":"Ignoring unsupported arg: auto_download"}}
[debug] [2023-05-08T16:21:16.561Z] Ignoring unsupported arg: port {"metadata":{"emulator":{"name":"ui"},"message":"Ignoring unsupported arg: port"}}
[debug] [2023-05-08T16:21:16.561Z] Starting Emulator UI with command {"binary":"node","args":["C:\\Users\\RevaH\\.cache\\firebase\\emulators\\ui-v1.11.6\\server\\server.js"],"optionalArgs":[],"joinArgs":false} {"metadata":{"emulator":{"name":"ui"},"message":"Starting Emulator UI with command {\"binary\":\"node\",\"args\":[\"C:\\\\Users\\\\RevaH\\\\.cache\\\\firebase\\\\emulators\\\\ui-v1.11.6\\\\server\\\\server.js\"],\"optionalArgs\":[],\"joinArgs\":false}"}}
[info] i  ui: Emulator UI logging to ui-debug.log {"metadata":{"emulator":{"name":"ui"},"message":"Emulator UI logging to \u001b[1mui-debug.log\u001b[22m"}}
[debug] [2023-05-08T16:21:16.764Z] Web / API server started at 127.0.0.1:4000
 {"metadata":{"emulator":{"name":"ui"},"message":"Web / API server started at 127.0.0.1:4000\n"}}
[debug] [2023-05-08T16:21:16.764Z] Web / API server started at ::1:4000
 {"metadata":{"emulator":{"name":"ui"},"message":"Web / API server started at ::1:4000\n"}}
[info] 
┌─────────────────────────────────────────────────────────────┐
│ ✔  All emulators ready! It is now safe to connect your app. │
│ i  View Emulator UI at http://127.0.0.1:4000/               │
└─────────────────────────────────────────────────────────────┘

┌──────────┬────────────────┬────────────────────────────────┐
│ Emulator │ Host:Port      │ View in Emulator UI            │
├──────────┼────────────────┼────────────────────────────────┤
│ Database │ 127.0.0.1:9000 │ http://127.0.0.1:4000/database │
└──────────┴────────────────┴────────────────────────────────┘
  Emulator Hub running at 127.0.0.1:4400
  Other reserved ports: 4500

Issues? Report them at https://github.com/firebase/firebase-tools/issues and attach the *-debug.log files.
 
